<?xml version="1.0" encoding="UTF-8"?>
<testsuite name="com.tw.book.application.BookApplicationTest" tests="5" skipped="0" failures="0" errors="0" timestamp="2024-04-27T07:05:47" hostname="ChongqiangdeMacBook-Pro.local" time="0.015">
  <properties/>
  <testcase name="getAllBooks()" classname="com.tw.book.application.BookApplicationTest" time="0.013"/>
  <testcase name="updateBook()" classname="com.tw.book.application.BookApplicationTest" time="0.001"/>
  <testcase name="getBook()" classname="com.tw.book.application.BookApplicationTest" time="0.0"/>
  <testcase name="createBook()" classname="com.tw.book.application.BookApplicationTest" time="0.001"/>
  <testcase name="deleteBook()" classname="com.tw.book.application.BookApplicationTest" time="0.0"/>
  <system-out><![CDATA[]]></system-out>
  <system-err><![CDATA[]]></system-err>
</testsuite>
